<?xml version="1.0" encoding="UTF-8"?>
<testsuite name="ejemplos.UserGreetingTest" tests="1" skipped="0" failures="0" errors="0" timestamp="2023-06-07T15:05:20" hostname="pcs5-37" time="0.195">
  <properties/>
  <testcase name="formatsGreetingWithName()" classname="ejemplos.UserGreetingTest" time="0.195"/>
  <system-out><![CDATA[]]></system-out>
  <system-err><![CDATA[]]></system-err>
</testsuite>
