<?xml version="1.0" encoding="UTF-8"?>
<testsuite name="com.wordz.domain.WordTest" tests="1" skipped="0" failures="0" errors="0" timestamp="2023-04-05T14:16:48" hostname="pcs5-37" time="0.022">
  <properties/>
  <testcase name="oneIncorrectLetter()" classname="com.wordz.domain.WordTest" time="0.022"/>
  <system-out><![CDATA[]]></system-out>
  <system-err><![CDATA[]]></system-err>
</testsuite>
